0 info it worked if it ends with ok
1 verbose cli [ 'node', '/usr/local/bin/npm', 'install', 'grunt-watch' ]
2 info using npm@1.4.28
3 info using node@v0.10.35
4 warn package.json node-arduino-test@0.0.1 No repository field.
5 warn package.json node-arduino-test@0.0.1 No README data
6 verbose readDependencies using package.json deps
7 verbose cache add [ 'grunt-watch', null ]
8 verbose cache add name=undefined spec="grunt-watch" args=["grunt-watch",null]
9 verbose parsed url { protocol: null,
9 verbose parsed url   slashes: null,
9 verbose parsed url   auth: null,
9 verbose parsed url   host: null,
9 verbose parsed url   port: null,
9 verbose parsed url   hostname: null,
9 verbose parsed url   hash: null,
9 verbose parsed url   search: null,
9 verbose parsed url   query: null,
9 verbose parsed url   pathname: 'grunt-watch',
9 verbose parsed url   path: 'grunt-watch',
9 verbose parsed url   href: 'grunt-watch' }
10 silly lockFile b55ee5b3-grunt-watch grunt-watch
11 verbose lock grunt-watch /Users/jeremyrobles/.npm/b55ee5b3-grunt-watch.lock
12 silly lockFile b55ee5b3-grunt-watch grunt-watch
13 silly lockFile b55ee5b3-grunt-watch grunt-watch
14 verbose addNamed [ 'grunt-watch', '' ]
15 verbose addNamed [ null, '*' ]
16 silly lockFile 22e69730-grunt-watch grunt-watch@
17 verbose lock grunt-watch@ /Users/jeremyrobles/.npm/22e69730-grunt-watch.lock
18 silly addNameRange { name: 'grunt-watch', range: '*', hasData: false }
19 verbose request where is /grunt-watch
20 verbose request registry https://registry.npmjs.org/
21 verbose request id c6a40afe4b75a5ea
22 verbose url raw /grunt-watch
23 verbose url resolving [ 'https://registry.npmjs.org/', './grunt-watch' ]
24 verbose url resolved https://registry.npmjs.org/grunt-watch
25 verbose request where is https://registry.npmjs.org/grunt-watch
26 info trying registry request attempt 1 at 19:39:06
27 http GET https://registry.npmjs.org/grunt-watch
28 http 404 https://registry.npmjs.org/grunt-watch
29 verbose headers { date: 'Mon, 05 Jan 2015 03:39:06 GMT',
29 verbose headers   server: 'CouchDB/1.5.0 (Erlang OTP/R16B03)',
29 verbose headers   'content-type': 'application/json',
29 verbose headers   'cache-control': 'max-age=0',
29 verbose headers   'content-length': '52',
29 verbose headers   'accept-ranges': 'bytes',
29 verbose headers   via: '1.1 varnish',
29 verbose headers   age: '0',
29 verbose headers   'x-served-by': 'cache-lax1423-LAX',
29 verbose headers   'x-cache': 'MISS',
29 verbose headers   'x-cache-hits': '0',
29 verbose headers   'x-timer': 'S1420429146.709149,VS0,VE74',
29 verbose headers   'keep-alive': 'timeout=10, max=50',
29 verbose headers   connection: 'Keep-Alive' }
30 silly registry.get cb [ 404,
30 silly registry.get   { date: 'Mon, 05 Jan 2015 03:39:06 GMT',
30 silly registry.get     server: 'CouchDB/1.5.0 (Erlang OTP/R16B03)',
30 silly registry.get     'content-type': 'application/json',
30 silly registry.get     'cache-control': 'max-age=0',
30 silly registry.get     'content-length': '52',
30 silly registry.get     'accept-ranges': 'bytes',
30 silly registry.get     via: '1.1 varnish',
30 silly registry.get     age: '0',
30 silly registry.get     'x-served-by': 'cache-lax1423-LAX',
30 silly registry.get     'x-cache': 'MISS',
30 silly registry.get     'x-cache-hits': '0',
30 silly registry.get     'x-timer': 'S1420429146.709149,VS0,VE74',
30 silly registry.get     'keep-alive': 'timeout=10, max=50',
30 silly registry.get     connection: 'Keep-Alive' } ]
31 silly lockFile 22e69730-grunt-watch grunt-watch@
32 silly lockFile 22e69730-grunt-watch grunt-watch@
33 error 404 404 Not Found: grunt-watch
33 error 404
33 error 404 'grunt-watch' is not in the npm registry.
33 error 404 You should bug the author to publish it
33 error 404 It was specified as a dependency of 'node-arduino-test'
33 error 404
33 error 404 Note that you can also install from a
33 error 404 tarball, folder, or http url, or git url.
34 error System Darwin 14.0.0
35 error command "node" "/usr/local/bin/npm" "install" "grunt-watch"
36 error cwd /Users/jeremyrobles/Desktop/Zoey
37 error node -v v0.10.35
38 error npm -v 1.4.28
39 error code E404
40 verbose exit [ 1, true ]
